[debug] [2018-01-20T12:54:09.987Z] ----------------------------------------------------------------------
[debug] [2018-01-20T12:54:09.987Z] Command:       C:\Program Files\nodejs\node.exe C:\Program Files\nodejs\node_modules\firebase-tools\bin\firebase init
[debug] [2018-01-20T12:54:09.987Z] CLI Version:   3.17.3
[debug] [2018-01-20T12:54:09.987Z] Platform:      win32
[debug] [2018-01-20T12:54:09.987Z] Node Version:  v8.9.1
[debug] [2018-01-20T12:54:09.987Z] Time:          Sat Jan 20 2018 07:54:09 GMT-0500 (Eastern Standard Time)
[debug] [2018-01-20T12:54:09.987Z] ----------------------------------------------------------------------
[debug] 
[debug] [2018-01-20T12:54:10.004Z] > command requires scopes: ["email","openid","https://www.googleapis.com/auth/cloudplatformprojects.readonly","https://www.googleapis.com/auth/firebase"]
[debug] [2018-01-20T12:54:10.004Z] > authorizing via signed-in user
[info] 
     ######## #### ########  ######## ########     ###     ######  ########
     ##        ##  ##     ## ##       ##     ##  ##   ##  ##       ##
     ######    ##  ########  ######   ########  #########  ######  ######
     ##        ##  ##    ##  ##       ##     ## ##     ##       ## ##
     ##       #### ##     ## ######## ########  ##     ##  ######  ########

You're about to initialize a Firebase project in this directory:

  C:\Users\Andrew\desktop\acode\firestarter

Before we get started, keep in mind:

  * You are initializing in an existing Firebase project directory

[info] 
=== Project Setup
[info] 
[info] First, let's associate this project directory with a Firebase project.
[info] You can create multiple project aliases by running firebase use --add, 
[info] but for now we'll just set up a default project.
[info] 
[debug] [2018-01-20T12:54:31.878Z] > refreshing access token with scopes: ["email","https://www.googleapis.com/auth/cloudplatformprojects.readonly","https://www.googleapis.com/auth/firebase","openid"]
[debug] [2018-01-20T12:54:31.878Z] >>> HTTP REQUEST POST https://www.googleapis.com/oauth2/v3/token  
 { refresh_token: '1/WlCIzhX6RYIx4tkTzTrBLUKaRi8BF90v8mjNbQe75cM',
  client_id: '563584335869-fgrhgmd47bqnekij5i8b5pr03ho849e6.apps.googleusercontent.com',
  client_secret: 'j9iVZfS8kkCEFUPaAeJV0sAi',
  grant_type: 'refresh_token',
  scope: 'email https://www.googleapis.com/auth/cloudplatformprojects.readonly https://www.googleapis.com/auth/firebase openid' } 
 Sat Jan 20 2018 07:54:31 GMT-0500 (Eastern Standard Time)
[debug] [2018-01-20T12:54:32.081Z] <<< HTTP RESPONSE 200
[debug] [2018-01-20T12:54:32.128Z] >>> HTTP REQUEST GET https://admin.firebase.com/v1/projects  
  
 Sat Jan 20 2018 07:54:32 GMT-0500 (Eastern Standard Time)
[debug] [2018-01-20T12:54:32.979Z] <<< HTTP RESPONSE 200
[info] i  .firebaserc already has a default project, skipping
[info] 
=== Database Setup
[info] 
[info] Firebase Realtime Database Rules allow you to define how your data should be
[info] structured and when your data can be read from and written to.
[info] 
